make --dry-run --always-make --keep-going --print-directory
make: Entering directory '/home/cs-leqizheng2-1/codes/Parallel-Oblivious-Sorter-with-SGX'
 
rm -f .config_* app enclave.so enclave.signed.so App/App.o App/Enclave_u.* Enclave/Enclave.o Enclave/Enclave_t.*
touch .config_HW_DEBUG_x64
make target
 
make[1]: Entering directory '/home/cs-leqizheng2-1/codes/Parallel-Oblivious-Sorter-with-SGX'
cd App && /opt/intel/sgxsdk/bin/x64/sgx_edger8r --untrusted ../Enclave/Enclave.edl --search-path ../Enclave --search-path /opt/intel/sgxsdk/include
echo "GEN  =>  App/Enclave_u.h"
cc -m64 -O2 -g -Wall -Wextra -Winit-self -Wpointer-arith -Wreturn-type -Waddress -Wsequence-point -Wformat-security -Wmissing-include-dirs -Wfloat-equal -Wundef -Wshadow -Wcast-align -Wcast-qual -Wconversion -Wredundant-decls -Wjump-misses-init -Wstrict-prototypes -Wunsuffixed-float-constants -fPIC -Wno-attributes -IApp -I/opt/intel/sgxsdk/include -DDEBUG -UNDEBUG -UEDEBUG -m64 -O2 -g -Wall -Wextra -Winit-self -Wpointer-arith -Wreturn-type -Waddress -Wsequence-point -Wformat-security -Wmissing-include-dirs -Wfloat-equal -Wundef -Wshadow -Wcast-align -Wcast-qual -Wconversion -Wredundant-decls -Wjump-misses-init -Wstrict-prototypes -Wunsuffixed-float-constants -c App/Enclave_u.c -o App/Enclave_u.o
echo "CC   <=  App/Enclave_u.c"
g++ -m64 -O2 -g -Wall -Wextra -Winit-self -Wpointer-arith -Wreturn-type -Waddress -Wsequence-point -Wformat-security -Wmissing-include-dirs -Wfloat-equal -Wundef -Wshadow -Wcast-align -Wcast-qual -Wconversion -Wredundant-decls -Wnon-virtual-dtor -std=c++17 -fPIC -Wno-attributes -IApp -I/opt/intel/sgxsdk/include -DDEBUG -UNDEBUG -UEDEBUG -m64 -O2 -g -Wall -Wextra -Winit-self -Wpointer-arith -Wreturn-type -Waddress -Wsequence-point -Wformat-security -Wmissing-include-dirs -Wfloat-equal -Wundef -Wshadow -Wcast-align -Wcast-qual -Wconversion -Wredundant-decls -Wnon-virtual-dtor -std=c++17 -c App/App.cpp -o App/App.o
echo "CXX  <=  App/App.cpp"
g++ App/Enclave_u.o App/App.o -o app -L/opt/intel/sgxsdk/lib64 -Wl,--whole-archive  -lsgx_uswitchless -Wl,--no-whole-archive -lsgx_urts -lpthread -ltbb -lsgx_uae_service
echo "LINK =>  app"
cd Enclave && /opt/intel/sgxsdk/bin/x64/sgx_edger8r --trusted ../Enclave/Enclave.edl --search-path ../Enclave --search-path /opt/intel/sgxsdk/include
echo "GEN  =>  Enclave/Enclave_t.h"
cc -m64 -O2 -g -Wall -Wextra -Winit-self -Wpointer-arith -Wreturn-type -Waddress -Wsequence-point -Wformat-security -Wmissing-include-dirs -Wfloat-equal -Wundef -Wshadow -Wcast-align -Wcast-qual -Wconversion -Wredundant-decls -Wjump-misses-init -Wstrict-prototypes -Wunsuffixed-float-constants -nostdinc -fvisibility=hidden -fpie -fstack-protector -IEnclave -I/opt/intel/sgxsdk/include -I/opt/intel/sgxsdk/include/libcxx -I/opt/intel/sgxsdk/include/tlibc  -m64 -O2 -g -Wall -Wextra -Winit-self -Wpointer-arith -Wreturn-type -Waddress -Wsequence-point -Wformat-security -Wmissing-include-dirs -Wfloat-equal -Wundef -Wshadow -Wcast-align -Wcast-qual -Wconversion -Wredundant-decls -Wjump-misses-init -Wstrict-prototypes -Wunsuffixed-float-constants -c Enclave/Enclave_t.c -o Enclave/Enclave_t.o
echo "CC   <=  Enclave/Enclave_t.c"
g++ -m64 -O2 -g -Wall -Wextra -Winit-self -Wpointer-arith -Wreturn-type -Waddress -Wsequence-point -Wformat-security -Wmissing-include-dirs -Wfloat-equal -Wundef -Wshadow -Wcast-align -Wcast-qual -Wconversion -Wredundant-decls -Wnon-virtual-dtor -std=c++17 -nostdinc -fvisibility=hidden -fpie -fstack-protector -IEnclave -I/opt/intel/sgxsdk/include -I/opt/intel/sgxsdk/include/libcxx -I/opt/intel/sgxsdk/include/tlibc   -m64 -O2 -g -Wall -Wextra -Winit-self -Wpointer-arith -Wreturn-type -Waddress -Wsequence-point -Wformat-security -Wmissing-include-dirs -Wfloat-equal -Wundef -Wshadow -Wcast-align -Wcast-qual -Wconversion -Wredundant-decls -Wnon-virtual-dtor -std=c++17 -nostdinc++ -c Enclave/Enclave.cpp -o Enclave/Enclave.o
echo "CXX  <=  Enclave/Enclave.cpp"
g++ Enclave/Enclave_t.o Enclave/Enclave.o -o enclave.so -Wl,-z,relro,-z,now,-z,noexecstack -Wl,--no-undefined -nostdlib -nodefaultlibs -nostartfiles -L/opt/intel/sgxsdk/lib64 -Wl,--whole-archive  -lsgx_tswitchless -lsgx_trts -Wl,--no-whole-archive -Wl,--start-group -lsgx_tstdc -lsgx_tcxx -lsgx_tcrypto -lsgx_tservice -Wl,--end-group -Wl,-Bstatic -Wl,-Bsymbolic -Wl,--no-undefined -Wl,-pie,-eenclave_entry -Wl,--export-dynamic -Wl,--defsym,__ImageBase=0 -Wl,--version-script=Enclave/Enclave.lds
echo "LINK =>  enclave.so"
/opt/intel/sgxsdk/bin/x64/sgx_sign sign -key Enclave/Enclave_private_test.pem -enclave enclave.so -out enclave.signed.so -config Enclave/Enclave.config.xml
echo "SIGN =>  enclave.signed.so"
echo "The project has been built in debug hardware mode."
make[1]: Leaving directory '/home/cs-leqizheng2-1/codes/Parallel-Oblivious-Sorter-with-SGX'
make: Leaving directory '/home/cs-leqizheng2-1/codes/Parallel-Oblivious-Sorter-with-SGX'
 
